<?xml version="1.0" encoding="UTF-8"?>
<!-- Generated by org.testng.reporters.JUnitReportReporter -->
<testsuite hostname="Anshi_Aryan" failures="0" tests="3" name="Runner.Runner" time="112.505" errors="0" timestamp="2023-05-23T17:36:31 CEST" skipped="0">
  <testcase classname="Runner.Runner" name="runScenario" time="38.774"/>
  <system-out/>
  <testcase classname="Runner.Runner" name="runScenario" time="33.873"/>
  <system-out/>
  <testcase classname="Runner.Runner" name="runScenario" time="39.858"/>
  <system-out/>
</testsuite> <!-- Runner.Runner -->
